2024-10-22 13:57:31,647 - pdf_magic - INFO - Starte PDF Magic
2024-10-22 13:57:31,695 - pdf_magic - INFO - Start creating tabs...
2024-10-22 13:57:31,696 - pdf_magic - INFO - Start creating_convert_tab...
2024-10-22 13:57:31,697 - pdf_magic - ERROR - Fehler beim Setup der UI: 'DropArea' object has no attribute 'setup_ui'
2024-10-22 13:57:31,707 - pdf_magic - INFO - Start creating_extract_text_tab...
2024-10-22 13:57:31,708 - pdf_magic - ERROR - Fehler beim Setup der UI: 'DropArea' object has no attribute 'setup_ui'
2024-10-22 13:57:31,710 - pdf_magic - INFO - Start creating_extract_metadata_tab...
2024-10-22 13:57:31,711 - pdf_magic - ERROR - Fehler beim Setup der UI: 'DropArea' object has no attribute 'setup_ui'
2024-10-22 13:57:31,712 - pdf_magic - INFO - Start create_image_to_pdf_tab
2024-10-22 13:57:31,712 - pdf_magic - ERROR - Fehler beim Setup der UI: 'DropArea' object has no attribute 'setup_ui'
2024-10-22 13:57:31,715 - pdf_magic - INFO - UI initialized succsessfully
2024-10-22 14:00:35,482 - pdf_magic - INFO - Starte PDF Magic
2024-10-22 14:00:35,496 - pdf_magic - INFO - Start creating tabs...
2024-10-22 14:00:35,497 - pdf_magic - INFO - Start creating_convert_tab...
2024-10-22 14:00:35,498 - pdf_magic - INFO - Starte set_icon...
2024-10-22 14:00:35,499 - pdf_magic - WARNING - Icon nicht gefunden: drag_drop
2024-10-22 14:00:35,504 - pdf_magic - INFO - Start creating_extract_text_tab...
2024-10-22 14:00:35,504 - pdf_magic - INFO - Starte set_icon...
2024-10-22 14:00:35,504 - pdf_magic - WARNING - Icon nicht gefunden: drag_drop
2024-10-22 14:00:35,505 - pdf_magic - INFO - Start creating_extract_metadata_tab...
2024-10-22 14:00:35,506 - pdf_magic - INFO - Starte set_icon...
2024-10-22 14:00:35,506 - pdf_magic - WARNING - Icon nicht gefunden: drag_drop
2024-10-22 14:00:35,507 - pdf_magic - INFO - Start create_image_to_pdf_tab
2024-10-22 14:00:35,507 - pdf_magic - INFO - Starte set_icon...
2024-10-22 14:00:35,508 - pdf_magic - WARNING - Icon nicht gefunden: drag_drop
2024-10-22 14:00:35,509 - pdf_magic - INFO - UI initialized succsessfully
2024-10-22 14:08:51,949 - pdf_magic - INFO - Starte PDF Magic
2024-10-22 14:08:51,965 - pdf_magic - INFO - Start creating tabs...
2024-10-22 14:08:51,965 - pdf_magic - INFO - Start creating_convert_tab...
2024-10-22 14:08:51,966 - pdf_magic - WARNING - Icon nicht gefunden: drag_drop
2024-10-22 14:08:51,976 - pdf_magic - INFO - Start creating_extract_text_tab...
2024-10-22 14:08:51,977 - pdf_magic - WARNING - Icon nicht gefunden: drag_drop
2024-10-22 14:08:51,979 - pdf_magic - INFO - Start creating_extract_metadata_tab...
2024-10-22 14:08:51,980 - pdf_magic - WARNING - Icon nicht gefunden: drag_drop
2024-10-22 14:08:51,983 - pdf_magic - INFO - Start create_image_to_pdf_tab
2024-10-22 14:08:51,983 - pdf_magic - WARNING - Icon nicht gefunden: drag_drop
2024-10-22 14:08:51,986 - pdf_magic - INFO - UI initialized succsessfully
